-------------------------------------------------------------------------------
Test set: pl.zedadra.ecommerce.SqlProductStorageTest
-------------------------------------------------------------------------------
Tests run: 4, Failures: 0, Errors: 3, Skipped: 0, Time elapsed: 0.060 s <<< FAILURE! -- in pl.zedadra.ecommerce.SqlProductStorageTest
pl.zedadra.ecommerce.SqlProductStorageTest.itLoadsAllProducts -- Time elapsed: 0.008 s <<< ERROR!
java.lang.NullPointerException: Cannot invoke "java.util.List.size()" because "all" is null
	at pl.zedadra.ecommerce.SqlProductStorageTest.itLoadsAllProducts(SqlProductStorageTest.java:82)
	at java.base/java.lang.reflect.Method.invoke(Method.java:569)
	at java.base/java.util.ArrayList.forEach(ArrayList.java:1511)
	at java.base/java.util.ArrayList.forEach(ArrayList.java:1511)

pl.zedadra.ecommerce.SqlProductStorageTest.itCreateTable -- Time elapsed: 0.017 s <<< ERROR!
org.springframework.jdbc.BadSqlGrammarException: 
StatementCallback; bad SQL grammar [    CREATE TABLE 'product__catalog' (
        id varchar(100) not null,
        name varchar(255) not null,
        primary key (id),
    );
]
	at org.springframework.jdbc.support.SQLExceptionSubclassTranslator.doTranslate(SQLExceptionSubclassTranslator.java:103)
	at org.springframework.jdbc.support.AbstractFallbackSQLExceptionTranslator.translate(AbstractFallbackSQLExceptionTranslator.java:107)
	at org.springframework.jdbc.core.JdbcTemplate.translateException(JdbcTemplate.java:1556)
	at org.springframework.jdbc.core.JdbcTemplate.execute(JdbcTemplate.java:408)
	at org.springframework.jdbc.core.JdbcTemplate.execute(JdbcTemplate.java:444)
	at pl.zedadra.ecommerce.SqlProductStorageTest.itCreateTable(SqlProductStorageTest.java:44)
	at java.base/java.lang.reflect.Method.invoke(Method.java:569)
	at java.base/java.util.ArrayList.forEach(ArrayList.java:1511)
	at java.base/java.util.ArrayList.forEach(ArrayList.java:1511)
Caused by: org.h2.jdbc.JdbcSQLSyntaxErrorException: Erreur de syntaxe dans l'instruction SQL "    CREATE TABLE [*]'product__catalog' (\000a        id varchar(100) not null,\000a        name varchar(255) not null,\000a        primary key (id),\000a    );\000a"; attendu "identifier"
Syntax error in SQL statement "    CREATE TABLE [*]'product__catalog' (\000a        id varchar(100) not null,\000a        name varchar(255) not null,\000a        primary key (id),\000a    );\000a"; expected "identifier"; SQL statement:
    CREATE TABLE 'product__catalog' (
        id varchar(100) not null,
        name varchar(255) not null,
        primary key (id),
    );
 [42001-232]
	at org.h2.message.DbException.getJdbcSQLException(DbException.java:514)
	at org.h2.message.DbException.getJdbcSQLException(DbException.java:489)
	at org.h2.message.DbException.getSyntaxError(DbException.java:261)
	at org.h2.command.Parser.readIdentifier(Parser.java:5527)
	at org.h2.command.Parser.readIdentifierWithSchema(Parser.java:5487)
	at org.h2.command.Parser.readIdentifierWithSchema(Parser.java:5516)
	at org.h2.command.Parser.parseCreateTable(Parser.java:8801)
	at org.h2.command.Parser.parseCreate(Parser.java:6398)
	at org.h2.command.Parser.parsePrepared(Parser.java:645)
	at org.h2.command.Parser.parse(Parser.java:581)
	at org.h2.command.Parser.parse(Parser.java:556)
	at org.h2.command.Parser.prepareCommand(Parser.java:484)
	at org.h2.engine.SessionLocal.prepareLocal(SessionLocal.java:645)
	at org.h2.engine.SessionLocal.prepareCommand(SessionLocal.java:561)
	at org.h2.jdbc.JdbcConnection.prepareCommand(JdbcConnection.java:1164)
	at org.h2.jdbc.JdbcStatement.executeInternal(JdbcStatement.java:245)
	at org.h2.jdbc.JdbcStatement.execute(JdbcStatement.java:231)
	at com.zaxxer.hikari.pool.ProxyStatement.execute(ProxyStatement.java:94)
	at com.zaxxer.hikari.pool.HikariProxyStatement.execute(HikariProxyStatement.java)
	at org.springframework.jdbc.core.JdbcTemplate$1ExecuteStatementCallback.doInStatement(JdbcTemplate.java:435)
	at org.springframework.jdbc.core.JdbcTemplate.execute(JdbcTemplate.java:393)
	... 5 more

pl.zedadra.ecommerce.SqlProductStorageTest.itSaveAndLoadProduct -- Time elapsed: 0.003 s <<< ERROR!
java.lang.NullPointerException: Cannot invoke "pl.zedadra.productcatalog.Product.getId()" because "loaded" is null
	at pl.zedadra.ecommerce.SqlProductStorageTest.itSaveAndLoadProduct(SqlProductStorageTest.java:60)
	at java.base/java.lang.reflect.Method.invoke(Method.java:569)
	at java.base/java.util.ArrayList.forEach(ArrayList.java:1511)
	at java.base/java.util.ArrayList.forEach(ArrayList.java:1511)

